OfficeVrMetaQuest3/Library/Bee/Android/Prj/IL2CPP/Gradle/unityLibrary/build/intermediates/manifest_merge_blame_file/release/manifest-merger-blame-release-report.txt
1<?xml version="1.0" encoding="utf-8"?>
2<manifest xmlns:android="http://schemas.android.com/apk/res/android"
3    xmlns:tools="http://schemas.android.com/tools"
4    package="com.unity3d.player" >
5
6    <uses-sdk
7        android:minSdkVersion="23"
7-->src/main/AndroidManifest.xml
8        android:targetSdkVersion="33" />
8-->src/main/AndroidManifest.xml
9
10    <uses-permission android:name="android.permission.INTERNET" />
10-->src/main/AndroidManifest.xml:3:3-65
10-->src/main/AndroidManifest.xml:3:20-62
11
12    <uses-feature
12-->src/main/AndroidManifest.xml:4:3-90
13        android:name="android.hardware.vulkan.version"
13-->src/main/AndroidManifest.xml:4:17-63
14        android:required="true" />
14-->src/main/AndroidManifest.xml:4:64-87
15    <uses-feature
15-->src/main/AndroidManifest.xml:5:3-88
16        android:name="android.hardware.touchscreen"
16-->src/main/AndroidManifest.xml:5:17-60
17        android:required="false" />
17-->src/main/AndroidManifest.xml:5:61-85
18    <uses-feature
18-->src/main/AndroidManifest.xml:6:3-99
19        android:name="android.hardware.touchscreen.multitouch"
19-->src/main/AndroidManifest.xml:6:17-71
20        android:required="false" />
20-->src/main/AndroidManifest.xml:6:72-96
21    <uses-feature
21-->src/main/AndroidManifest.xml:7:3-108
22        android:name="android.hardware.touchscreen.multitouch.distinct"
22-->src/main/AndroidManifest.xml:7:17-80
23        android:required="false" />
23-->src/main/AndroidManifest.xml:7:81-105
24    <uses-feature
24-->src/main/AndroidManifest.xml:23:3-89
25        android:name="com.oculus.feature.PASSTHROUGH"
25-->src/main/AndroidManifest.xml:23:17-62
26        android:required="true" />
26-->src/main/AndroidManifest.xml:23:63-86
27
28    <uses-permission android:name="com.oculus.permission.USE_ANCHOR_API" />
28-->src/main/AndroidManifest.xml:24:3-74
28-->src/main/AndroidManifest.xml:24:20-71
29    <uses-permission android:name="com.oculus.permission.USE_SCENE" />
29-->src/main/AndroidManifest.xml:25:3-69
29-->src/main/AndroidManifest.xml:25:20-66
30
31    <application android:extractNativeLibs="true" >
31-->src/main/AndroidManifest.xml:8:3-22:17
31-->src/main/AndroidManifest.xml:8:16-48
32        <meta-data
32-->src/main/AndroidManifest.xml:9:5-69
33            android:name="unity.splash-mode"
33-->src/main/AndroidManifest.xml:9:16-48
34            android:value="0" />
34-->src/main/AndroidManifest.xml:9:49-66
35        <meta-data
35-->src/main/AndroidManifest.xml:10:5-74
36            android:name="unity.splash-enable"
36-->src/main/AndroidManifest.xml:10:16-50
37            android:value="True" />
37-->src/main/AndroidManifest.xml:10:51-71
38        <meta-data
38-->src/main/AndroidManifest.xml:11:5-78
39            android:name="unity.launch-fullscreen"
39-->src/main/AndroidManifest.xml:11:16-54
40            android:value="True" />
40-->src/main/AndroidManifest.xml:11:55-75
41        <meta-data
41-->src/main/AndroidManifest.xml:12:5-84
42            android:name="unity.auto-report-fully-drawn"
42-->src/main/AndroidManifest.xml:12:16-60
43            android:value="true" />
43-->src/main/AndroidManifest.xml:12:61-81
44        <meta-data
44-->src/main/AndroidManifest.xml:13:5-78
45            android:name="unity.strip-engine-code"
45-->src/main/AndroidManifest.xml:13:16-54
46            android:value="true" />
46-->src/main/AndroidManifest.xml:13:55-75
47
48        <activity
48-->src/main/AndroidManifest.xml:14:5-21:16
49            android:name="com.unity3d.player.UnityPlayerActivity"
49-->src/main/AndroidManifest.xml:14:312-365
50            android:configChanges="mcc|mnc|locale|touchscreen|keyboard|keyboardHidden|navigation|orientation|screenLayout|uiMode|screenSize|smallestScreenSize|fontScale|layoutDirection|density"
50-->src/main/AndroidManifest.xml:14:15-196
51            android:enabled="true"
51-->src/main/AndroidManifest.xml:14:197-219
52            android:exported="true"
52-->src/main/AndroidManifest.xml:14:220-243
53            android:hardwareAccelerated="false"
53-->src/main/AndroidManifest.xml:14:244-279
54            android:launchMode="singleTask"
54-->src/main/AndroidManifest.xml:14:280-311
55            android:resizeableActivity="false"
55-->src/main/AndroidManifest.xml:14:366-400
56            android:screenOrientation="fullUser"
56-->src/main/AndroidManifest.xml:14:401-437
57            android:theme="@style/UnityThemeSelector" >
57-->src/main/AndroidManifest.xml:14:438-479
58            <intent-filter>
58-->src/main/AndroidManifest.xml:15:7-19:23
59                <category android:name="android.intent.category.LAUNCHER" />
59-->src/main/AndroidManifest.xml:16:9-69
59-->src/main/AndroidManifest.xml:16:19-66
60
61                <action android:name="android.intent.action.MAIN" />
61-->src/main/AndroidManifest.xml:17:9-61
61-->src/main/AndroidManifest.xml:17:17-58
62
63                <category android:name="com.oculus.intent.category.VR" />
63-->src/main/AndroidManifest.xml:18:9-66
63-->src/main/AndroidManifest.xml:18:19-63
64            </intent-filter>
65
66            <meta-data
66-->src/main/AndroidManifest.xml:20:7-82
67                android:name="unityplayer.UnityActivity"
67-->src/main/AndroidManifest.xml:20:18-58
68                android:value="true" />
68-->src/main/AndroidManifest.xml:20:59-79
69        </activity>
70    </application>
71
72</manifest>